<?xml version="1.0" encoding="UTF-8"?>
<!-- Generated by org.testng.reporters.JUnitXMLReporter -->
<testsuite ignored="0" hostname="LAPTOP-SF32JU0L" failures="0" tests="2" name="Default test" time="261.977" errors="0" timestamp="2022-12-17T13:56:32 IST">
  <testcase classname="com.diningedge.Regression.SendOGTest" name="sendOrderGuideFromOrderEdge" time="59.335"/>
  <testcase classname="com.diningedge.Regression.SendOGTest" name="sendOrderGuideFromOrderEdge" time="47.958"/>
</testsuite> <!-- Default test -->
