<?xml version="1.0" encoding="UTF-8"?>
<testng-results ignored="0" total="1" passed="1" failed="0" skipped="0">
  <reporter-output>
    <line>
      <![CDATA[ ]]>
    </line>
    <line>
      <![CDATA[***** STARTING TEST STEP:- Test01_BasicFlowLogin *****]]>
    </line>
    <line>
      <![CDATA[ ]]>
    </line>
    <line>
      <![CDATA[[2023-02-17] [21:56:47:373] User enters Name = testauto]]>
    </line>
    <line>
      <![CDATA[[2023-02-17] [21:56:47:464] User enters Password =123456]]>
    </line>
    <line>
      <![CDATA[[2023-02-17] [21:56:47:527] User clicks on the Login Button !!!]]>
    </line>
    <line>
      <![CDATA[[2023-02-17] [21:56:51:001] Assertion Passed: DiningEdge is present on the HomePage]]>
    </line>
    <line>
      <![CDATA[[2023-02-17] [21:56:51:046] Assertion Passed: Dashboard is present on the HomePage]]>
    </line>
    <line>
      <![CDATA[[2023-02-17] [21:56:51:413] User clicks on Order Edge Button !!]]>
    </line>
    <line>
      <![CDATA[[2023-02-17] [21:56:51:508] User clicks on select Location dropDown !!]]>
    </line>
    <line>
      <![CDATA[[2023-02-17] [21:56:51:601] User clicks on select Location loc10 from dropDown !!]]>
    </line>
    <line>
      <![CDATA[[2023-02-17] [21:56:54:565] User clicks on the add Product Button !!]]>
    </line>
    <line>
      <![CDATA[[2023-02-17] [21:56:54:619] Assertion Passed: Create product is present on the popup]]>
    </line>
    <line>
      <![CDATA[[2023-02-17] [21:56:54:655] Assertion Passed: Create product is present on the popup]]>
    </line>
    <line>
      <![CDATA[[2023-02-17] [21:56:55:125] User enters the value Automation_PFG_1 in Name]]>
    </line>
    <line>
      <![CDATA[[2023-02-17] [21:56:55:171] Assertion Passed: Create product is present on the popup]]>
    </line>
    <line>
      <![CDATA[[2023-02-17] [21:56:55:285] User enters the value 2 in Size]]>
    </line>
    <line>
      <![CDATA[[2023-02-17] [21:56:55:434] User enters the value Unit * Dropdown !!]]>
    </line>
    <line>
      <![CDATA[[2023-02-17] [21:56:58:581] User selects the value G From the Dropdown !!]]>
    </line>
    <line>
      <![CDATA[[2023-02-17] [21:56:59:029] User enters the value Primary Category * Dropdown !!]]>
    </line>
    <line>
      <![CDATA[[2023-02-17] [21:57:02:143] User selects the value PFG From the Dropdown !!]]>
    </line>
    <line>
      <![CDATA[[2023-02-17] [21:57:02:558] User enters the value Storage Dropdown !!]]>
    </line>
    <line>
      <![CDATA[[2023-02-17] [21:57:05:684] User selects the value Bread From the Dropdown !!]]>
    </line>
    <line>
      <![CDATA[[2023-02-17] [21:57:06:041] User click on the Save button]]>
    </line>
    <line>
      <![CDATA[[2023-02-17] [21:57:11:465] User clicks on the Snack Bar cross button !!]]>
    </line>
    <line>
      <![CDATA[[2023-02-17] [21:57:11:681] User clicks on the Open Manage Comparabls Button !!]]>
    </line>
    <line>
      <![CDATA[[2023-02-17] [21:57:16:771] User adds comparabls !!]]>
    </line>
    <line>
      <![CDATA[[2023-02-17] [21:57:17:999] User click on the Save and Close button]]>
    </line>
    <line>
      <![CDATA[[2023-02-17] [21:57:20:046] User clicks on the cross icon]]>
    </line>
    <line>
      <![CDATA[[2023-02-17] [21:57:22:173] User clicks on Order Edge Button !!]]>
    </line>
    <line>
      <![CDATA[[2023-02-17] [21:57:23:876] User added number of units = 2]]>
    </line>
    <line>
      <![CDATA[[2023-02-17] [21:57:27:887] User clicks on the Add Cart Button !!]]>
    </line>
    <line>
      <![CDATA[[2023-02-17] [21:57:30:061] User clicks on the Checkout Button !!]]>
    </line>
    <line>
      <![CDATA[[2023-02-17] [21:57:31:468] User clicks on the Submit All Button !!]]>
    </line>
    <line>
      <![CDATA[[2023-02-17] [21:57:34:577] User clicks on the Snack Bar cross button !!]]>
    </line>
    <line>
      <![CDATA[[2023-02-17] [21:57:36:231] Connecting to gmail...]]>
    </line>
    <line>
      <![CDATA[[2023-02-17] [21:58:13:730] Connecting to the Gmail ...]]>
    </line>
    <line>
      <![CDATA[[2023-02-17] [21:58:19:419] Message send success]]>
    </line>
    <line>
      <![CDATA[[2023-02-17] [21:58:19:595] User selects the Manage Items From the list]]>
    </line>
    <line>
      <![CDATA[[2023-02-17] [21:58:19:744] User selects the Products List From the list]]>
    </line>
    <line>
      <![CDATA[[2023-02-17] [21:58:22:310] User clicks on the Search Icon on Product List Page]]>
    </line>
    <line>
      <![CDATA[[2023-02-17] [21:58:22:792] User enters the Automation_PFG_1 To be searched]]>
    </line>
    <line>
      <![CDATA[[2023-02-17] [21:58:22:986] User clicks on the Delete icon]]>
    </line>
    <line>
      <![CDATA[[2023-02-17] [21:58:24:793] User clicks on the Snack Bar cross button !!]]>
    </line>
    <line>
      <![CDATA[[2023-02-17] [21:58:25:079] Connecting to the Gmail ...]]>
    </line>
    <line>
      <![CDATA[[2023-02-17] [21:58:30:984] Message send success]]>
    </line>
  </reporter-output>
  <suite started-at="2023-02-17T21:56:37 IST" name="Default suite" finished-at="2023-02-17T21:58:25 IST" duration-ms="108046">
    <groups>
    </groups>
    <test started-at="2023-02-17T21:56:37 IST" name="Default test" finished-at="2023-02-17T21:58:25 IST" duration-ms="108046">
      <class name="com.diningedge.Regression.E2E_Flow">
        <test-method is-config="true" signature="setExtent()[pri:0, instance:com.diningedge.Regression.E2E_Flow@1ffaf86]" started-at="2023-02-17T21:56:37 IST" name="setExtent" finished-at="2023-02-17T21:56:37 IST" duration-ms="173" status="PASS">
          <reporter-output>
          </reporter-output>
        </test-method> <!-- setExtent -->
        <test-method is-config="true" signature="testMethodName(java.lang.reflect.Method)[pri:0, instance:com.diningedge.Regression.E2E_Flow@1ffaf86]" started-at="2023-02-17T21:56:37 IST" name="testMethodName" finished-at="2023-02-17T21:56:37 IST" duration-ms="2" status="PASS">
          <params>
            <param index="0">
              <value>
                <![CDATA[public void com.diningedge.Regression.E2E_Flow.Test01_BasicFlowLogin() throws java.lang.Exception]]>
              </value>
            </param>
          </params>
          <reporter-output>
            <line>
              <![CDATA[ ]]>
            </line>
            <line>
              <![CDATA[***** STARTING TEST STEP:- Test01_BasicFlowLogin *****]]>
            </line>
            <line>
              <![CDATA[ ]]>
            </line>
          </reporter-output>
        </test-method> <!-- testMethodName -->
        <test-method is-config="true" signature="setup()[pri:0, instance:com.diningedge.Regression.E2E_Flow@1ffaf86]" started-at="2023-02-17T21:56:37 IST" name="setup" finished-at="2023-02-17T21:56:47 IST" duration-ms="9968" status="PASS">
          <reporter-output>
          </reporter-output>
        </test-method> <!-- setup -->
        <test-method signature="Test01_BasicFlowLogin()[pri:0, instance:com.diningedge.Regression.E2E_Flow@1ffaf86]" started-at="2023-02-17T21:56:47 IST" name="Test01_BasicFlowLogin" finished-at="2023-02-17T21:58:13 IST" duration-ms="86516" status="PASS">
          <reporter-output>
            <line>
              <![CDATA[[2023-02-17] [21:56:47:373] User enters Name = testauto]]>
            </line>
            <line>
              <![CDATA[[2023-02-17] [21:56:47:464] User enters Password =123456]]>
            </line>
            <line>
              <![CDATA[[2023-02-17] [21:56:47:527] User clicks on the Login Button !!!]]>
            </line>
            <line>
              <![CDATA[[2023-02-17] [21:56:51:001] Assertion Passed: DiningEdge is present on the HomePage]]>
            </line>
            <line>
              <![CDATA[[2023-02-17] [21:56:51:046] Assertion Passed: Dashboard is present on the HomePage]]>
            </line>
            <line>
              <![CDATA[[2023-02-17] [21:56:51:413] User clicks on Order Edge Button !!]]>
            </line>
            <line>
              <![CDATA[[2023-02-17] [21:56:51:508] User clicks on select Location dropDown !!]]>
            </line>
            <line>
              <![CDATA[[2023-02-17] [21:56:51:601] User clicks on select Location loc10 from dropDown !!]]>
            </line>
            <line>
              <![CDATA[[2023-02-17] [21:56:54:565] User clicks on the add Product Button !!]]>
            </line>
            <line>
              <![CDATA[[2023-02-17] [21:56:54:619] Assertion Passed: Create product is present on the popup]]>
            </line>
            <line>
              <![CDATA[[2023-02-17] [21:56:54:655] Assertion Passed: Create product is present on the popup]]>
            </line>
            <line>
              <![CDATA[[2023-02-17] [21:56:55:125] User enters the value Automation_PFG_1 in Name]]>
            </line>
            <line>
              <![CDATA[[2023-02-17] [21:56:55:171] Assertion Passed: Create product is present on the popup]]>
            </line>
            <line>
              <![CDATA[[2023-02-17] [21:56:55:285] User enters the value 2 in Size]]>
            </line>
            <line>
              <![CDATA[[2023-02-17] [21:56:55:434] User enters the value Unit * Dropdown !!]]>
            </line>
            <line>
              <![CDATA[[2023-02-17] [21:56:58:581] User selects the value G From the Dropdown !!]]>
            </line>
            <line>
              <![CDATA[[2023-02-17] [21:56:59:029] User enters the value Primary Category * Dropdown !!]]>
            </line>
            <line>
              <![CDATA[[2023-02-17] [21:57:02:143] User selects the value PFG From the Dropdown !!]]>
            </line>
            <line>
              <![CDATA[[2023-02-17] [21:57:02:558] User enters the value Storage Dropdown !!]]>
            </line>
            <line>
              <![CDATA[[2023-02-17] [21:57:05:684] User selects the value Bread From the Dropdown !!]]>
            </line>
            <line>
              <![CDATA[[2023-02-17] [21:57:06:041] User click on the Save button]]>
            </line>
            <line>
              <![CDATA[[2023-02-17] [21:57:11:465] User clicks on the Snack Bar cross button !!]]>
            </line>
            <line>
              <![CDATA[[2023-02-17] [21:57:11:681] User clicks on the Open Manage Comparabls Button !!]]>
            </line>
            <line>
              <![CDATA[[2023-02-17] [21:57:16:771] User adds comparabls !!]]>
            </line>
            <line>
              <![CDATA[[2023-02-17] [21:57:17:999] User click on the Save and Close button]]>
            </line>
            <line>
              <![CDATA[[2023-02-17] [21:57:20:046] User clicks on the cross icon]]>
            </line>
            <line>
              <![CDATA[[2023-02-17] [21:57:22:173] User clicks on Order Edge Button !!]]>
            </line>
            <line>
              <![CDATA[[2023-02-17] [21:57:23:876] User added number of units = 2]]>
            </line>
            <line>
              <![CDATA[[2023-02-17] [21:57:27:887] User clicks on the Add Cart Button !!]]>
            </line>
            <line>
              <![CDATA[[2023-02-17] [21:57:30:061] User clicks on the Checkout Button !!]]>
            </line>
            <line>
              <![CDATA[[2023-02-17] [21:57:31:468] User clicks on the Submit All Button !!]]>
            </line>
            <line>
              <![CDATA[[2023-02-17] [21:57:34:577] User clicks on the Snack Bar cross button !!]]>
            </line>
            <line>
              <![CDATA[[2023-02-17] [21:57:36:231] Connecting to gmail...]]>
            </line>
          </reporter-output>
        </test-method> <!-- Test01_BasicFlowLogin -->
        <test-method is-config="true" signature="sendEmailReport()[pri:0, instance:com.diningedge.Regression.E2E_Flow@1ffaf86]" started-at="2023-02-17T21:58:13 IST" name="sendEmailReport" finished-at="2023-02-17T21:58:19 IST" duration-ms="5708" status="PASS">
          <reporter-output>
            <line>
              <![CDATA[[2023-02-17] [21:58:13:730] Connecting to the Gmail ...]]>
            </line>
            <line>
              <![CDATA[[2023-02-17] [21:58:19:419] Message send success]]>
            </line>
          </reporter-output>
        </test-method> <!-- sendEmailReport -->
        <test-method is-config="true" signature="take_screenshot_on_failure(org.testng.ITestResult)[pri:0, instance:com.diningedge.Regression.E2E_Flow@1ffaf86]" started-at="2023-02-17T21:58:19 IST" name="take_screenshot_on_failure" finished-at="2023-02-17T21:58:19 IST" duration-ms="7" status="PASS">
          <params>
            <param index="0">
              <value>
                <![CDATA[[TestResult name=Test01_BasicFlowLogin status=SUCCESS method=E2E_Flow.Test01_BasicFlowLogin()[pri:0, instance:com.diningedge.Regression.E2E_Flow@1ffaf86] output=[2023-02-17] [21:56:47:373] User enters Name = testauto]]]>
              </value>
            </param>
          </params>
          <reporter-output>
          </reporter-output>
        </test-method> <!-- take_screenshot_on_failure -->
        <test-method is-config="true" signature="dataCleanUp()[pri:0, instance:com.diningedge.Regression.E2E_Flow@1ffaf86]" started-at="2023-02-17T21:58:19 IST" name="dataCleanUp" finished-at="2023-02-17T21:58:24 IST" duration-ms="5366" status="PASS">
          <reporter-output>
            <line>
              <![CDATA[[2023-02-17] [21:58:19:595] User selects the Manage Items From the list]]>
            </line>
            <line>
              <![CDATA[[2023-02-17] [21:58:19:744] User selects the Products List From the list]]>
            </line>
            <line>
              <![CDATA[[2023-02-17] [21:58:22:310] User clicks on the Search Icon on Product List Page]]>
            </line>
            <line>
              <![CDATA[[2023-02-17] [21:58:22:792] User enters the Automation_PFG_1 To be searched]]>
            </line>
            <line>
              <![CDATA[[2023-02-17] [21:58:22:986] User clicks on the Delete icon]]>
            </line>
            <line>
              <![CDATA[[2023-02-17] [21:58:24:793] User clicks on the Snack Bar cross button !!]]>
            </line>
          </reporter-output>
        </test-method> <!-- dataCleanUp -->
        <test-method is-config="true" signature="endReport()[pri:0, instance:com.diningedge.Regression.E2E_Flow@1ffaf86]" started-at="2023-02-17T21:58:24 IST" name="endReport" finished-at="2023-02-17T21:58:25 IST" duration-ms="265" status="PASS">
          <reporter-output>
          </reporter-output>
        </test-method> <!-- endReport -->
        <test-method is-config="true" signature="mailTriggerInCaseOfUI()[pri:0, instance:com.diningedge.Regression.E2E_Flow@1ffaf86]" started-at="2023-02-17T21:58:25 IST" name="mailTriggerInCaseOfUI" finished-at="2023-02-17T21:58:30 IST" duration-ms="5905" status="PASS">
          <reporter-output>
            <line>
              <![CDATA[[2023-02-17] [21:58:25:079] Connecting to the Gmail ...]]>
            </line>
            <line>
              <![CDATA[[2023-02-17] [21:58:30:984] Message send success]]>
            </line>
          </reporter-output>
        </test-method> <!-- mailTriggerInCaseOfUI -->
      </class> <!-- com.diningedge.Regression.E2E_Flow -->
    </test> <!-- Default test -->
  </suite> <!-- Default suite -->
</testng-results>
