<?xml version="1.0" encoding="UTF-8"?>
<testng-results ignored="0" total="1" passed="1" failed="0" skipped="0">
  <reporter-output>
    <line>
      <![CDATA[[2023-05-01] [13:04:38:394] Connecting to gmail...]]>
    </line>
    <line>
      <![CDATA[[2023-05-01] [13:04:41:060] Connected to - imaps://diningedgetest%40gmail.com@imap.gmail.com]]>
    </line>
    <line>
      <![CDATA[[2023-05-01] [13:04:41:500] Moved email in successfully Done!!]]>
    </line>
    <line>
      <![CDATA[ ]]>
    </line>
    <line>
      <![CDATA[***** STARTING TEST STEP:- validateService *****]]>
    </line>
    <line>
      <![CDATA[ ]]>
    </line>
  </reporter-output>
  <suite started-at="2023-05-01T13:04:38 IST" name="Default suite" finished-at="2023-05-01T13:05:11 IST" duration-ms="33243">
    <groups>
    </groups>
    <test started-at="2023-05-01T13:04:38 IST" name="Default test" finished-at="2023-05-01T13:05:11 IST" duration-ms="33243">
      <class name="com.diningedge.Regression.ServerStatusProd">
        <test-method is-config="true" signature="setExtent()[pri:0, instance:com.diningedge.Regression.ServerStatusProd@2a7f1f10]" started-at="2023-05-01T13:04:38 IST" name="setExtent" finished-at="2023-05-01T13:04:42 IST" duration-ms="4375" status="PASS">
          <reporter-output>
            <line>
              <![CDATA[[2023-05-01] [13:04:38:394] Connecting to gmail...]]>
            </line>
            <line>
              <![CDATA[[2023-05-01] [13:04:41:060] Connected to - imaps://diningedgetest%40gmail.com@imap.gmail.com]]>
            </line>
            <line>
              <![CDATA[[2023-05-01] [13:04:41:500] Moved email in successfully Done!!]]>
            </line>
          </reporter-output>
        </test-method> <!-- setExtent -->
        <test-method is-config="true" signature="testMethodName(java.lang.reflect.Method)[pri:0, instance:com.diningedge.Regression.ServerStatusProd@2a7f1f10]" started-at="2023-05-01T13:04:42 IST" name="testMethodName" finished-at="2023-05-01T13:04:42 IST" duration-ms="2" status="PASS">
          <params>
            <param index="0">
              <value>
                <![CDATA[public void com.diningedge.Regression.ServerStatusProd.validateService()]]>
              </value>
            </param>
          </params>
          <reporter-output>
            <line>
              <![CDATA[ ]]>
            </line>
            <line>
              <![CDATA[***** STARTING TEST STEP:- validateService *****]]>
            </line>
            <line>
              <![CDATA[ ]]>
            </line>
          </reporter-output>
        </test-method> <!-- testMethodName -->
        <test-method is-config="true" signature="setup()[pri:0, instance:com.diningedge.Regression.ServerStatusProd@2a7f1f10]" started-at="2023-05-01T13:04:42 IST" name="setup" finished-at="2023-05-01T13:05:10 IST" duration-ms="28419" status="PASS">
          <reporter-output>
          </reporter-output>
        </test-method> <!-- setup -->
        <test-method signature="validateService()[pri:0, instance:com.diningedge.Regression.ServerStatusProd@2a7f1f10]" started-at="2023-05-01T13:05:10 IST" name="validateService" finished-at="2023-05-01T13:05:11 IST" duration-ms="61" status="PASS">
          <reporter-output>
          </reporter-output>
        </test-method> <!-- validateService -->
        <test-method is-config="true" signature="take_screenshot_on_failure(org.testng.ITestResult)[pri:0, instance:com.diningedge.Regression.ServerStatusProd@2a7f1f10]" started-at="2023-05-01T13:05:11 IST" name="take_screenshot_on_failure" finished-at="2023-05-01T13:05:11 IST" duration-ms="3" status="PASS">
          <params>
            <param index="0">
              <value>
                <![CDATA[[TestResult name=validateService status=SUCCESS method=ServerStatusProd.validateService()[pri:0, instance:com.diningedge.Regression.ServerStatusProd@2a7f1f10] output={null}]]]>
              </value>
            </param>
          </params>
          <reporter-output>
          </reporter-output>
        </test-method> <!-- take_screenshot_on_failure -->
        <test-method is-config="true" signature="endReport()[pri:0, instance:com.diningedge.Regression.ServerStatusProd@2a7f1f10]" started-at="2023-05-01T13:05:11 IST" name="endReport" finished-at="2023-05-01T13:05:11 IST" duration-ms="314" status="PASS">
          <reporter-output>
          </reporter-output>
        </test-method> <!-- endReport -->
        <test-method is-config="true" signature="sendAlert()[pri:0, instance:com.diningedge.Regression.ServerStatusProd@2a7f1f10]" started-at="2023-05-01T13:05:11 IST" name="sendAlert" finished-at="2023-05-01T13:05:11 IST" duration-ms="0" status="PASS">
          <reporter-output>
          </reporter-output>
        </test-method> <!-- sendAlert -->
      </class> <!-- com.diningedge.Regression.ServerStatusProd -->
    </test> <!-- Default test -->
  </suite> <!-- Default suite -->
</testng-results>
